Support4Demos/app/build/outputs/logs/manifest-merger-debug-report.txt
-- Merging decision tree log ---
manifest
ADDED from AndroidManifest.xml:22:1
	xmlns:android
		ADDED from AndroidManifest.xml:22:11
	package
		ADDED from AndroidManifest.xml:23:5
		INJECTED from AndroidManifest.xml:0:0
		INJECTED from AndroidManifest.xml:0:0
uses-permission#android.permission.READ_CONTACTS
ADDED from AndroidManifest.xml:25:5
	android:name
		ADDED from AndroidManifest.xml:25:22
uses-permission#android.permission.WAKE_LOCK
ADDED from AndroidManifest.xml:26:5
	android:name
		ADDED from AndroidManifest.xml:26:22
uses-sdk
ADDED from AndroidManifest.xml:28:5
MERGED from com.android.support:support-v4:22.2.0:20:5
	android:targetSdkVersion
		ADDED from AndroidManifest.xml:28:41
		INJECTED from AndroidManifest.xml:0:0
		INJECTED from AndroidManifest.xml:0:0
	android:minSdkVersion
		ADDED from AndroidManifest.xml:28:15
		INJECTED from AndroidManifest.xml:0:0
		INJECTED from AndroidManifest.xml:0:0
supports-screens
ADDED from AndroidManifest.xml:34:5
	android:requiresSmallestWidthDp
		ADDED from AndroidManifest.xml:34:23
	android:compatibleWidthLimitDp
		ADDED from AndroidManifest.xml:35:13
application
ADDED from AndroidManifest.xml:37:5
MERGED from com.android.support:support-v4:22.2.0:22:5
	android:supportsRtl
		ADDED from AndroidManifest.xml:40:13
	android:label
		ADDED from AndroidManifest.xml:37:18
	android:icon
		ADDED from AndroidManifest.xml:38:13
	android:hardwareAccelerated
		ADDED from AndroidManifest.xml:39:13
activity#com.example.android.supportv4.Support4Demos
ADDED from AndroidManifest.xml:42:9
	android:name
		ADDED from AndroidManifest.xml:42:19
intent-filter#android.intent.action.MAIN+android.intent.category.DEFAULT+android.intent.category.LAUNCHER
ADDED from AndroidManifest.xml:43:13
action#android.intent.action.MAIN
ADDED from AndroidManifest.xml:44:17
	android:name
		ADDED from AndroidManifest.xml:44:25
category#android.intent.category.DEFAULT
ADDED from AndroidManifest.xml:45:17
	android:name
		ADDED from AndroidManifest.xml:45:27
category#android.intent.category.LAUNCHER
ADDED from AndroidManifest.xml:46:17
	android:name
		ADDED from AndroidManifest.xml:46:27
activity#com.example.android.supportv4.app.SendResult
ADDED from AndroidManifest.xml:50:9
	android:theme
		ADDED from AndroidManifest.xml:51:17
	android:name
		ADDED from AndroidManifest.xml:50:19
activity#com.example.android.supportv4.app.FragmentAlertDialogSupport
ADDED from AndroidManifest.xml:56:9
	android:label
		ADDED from AndroidManifest.xml:57:17
	android:name
		ADDED from AndroidManifest.xml:56:19
intent-filter#android.intent.action.MAIN+com.example.android.supportv4.SUPPORT4_SAMPLE_CODE
ADDED from AndroidManifest.xml:58:13
category#com.example.android.supportv4.SUPPORT4_SAMPLE_CODE
ADDED from AndroidManifest.xml:60:17
	android:name
		ADDED from AndroidManifest.xml:60:27
activity#com.example.android.supportv4.app.FragmentArgumentsSupport
ADDED from AndroidManifest.xml:64:9
	android:label
		ADDED from AndroidManifest.xml:65:17
	android:name
		ADDED from AndroidManifest.xml:64:19
activity#com.example.android.supportv4.app.FragmentCustomAnimationSupport
ADDED from AndroidManifest.xml:72:9
	android:label
		ADDED from AndroidManifest.xml:73:17
	android:name
		ADDED from AndroidManifest.xml:72:19
activity#com.example.android.supportv4.app.FragmentHideShowSupport
ADDED from AndroidManifest.xml:80:9
	android:windowSoftInputMode
		ADDED from AndroidManifest.xml:82:17
	android:label
		ADDED from AndroidManifest.xml:81:17
	android:name
		ADDED from AndroidManifest.xml:80:19
activity#com.example.android.supportv4.app.FragmentContextMenuSupport
ADDED from AndroidManifest.xml:89:9
	android:label
		ADDED from AndroidManifest.xml:90:17
	android:name
		ADDED from AndroidManifest.xml:89:19
activity#com.example.android.supportv4.app.FragmentDialogSupport
ADDED from AndroidManifest.xml:97:9
	android:label
		ADDED from AndroidManifest.xml:98:17
	android:name
		ADDED from AndroidManifest.xml:97:19
activity#com.example.android.supportv4.app.FragmentDialogOrActivitySupport
ADDED from AndroidManifest.xml:105:9
	android:label
		ADDED from AndroidManifest.xml:106:17
	android:name
		ADDED from AndroidManifest.xml:105:19
activity#com.example.android.supportv4.app.FragmentLayoutSupport
ADDED from AndroidManifest.xml:113:9
	android:label
		ADDED from AndroidManifest.xml:114:17
	android:name
		ADDED from AndroidManifest.xml:113:19
activity#com.example.android.supportv4.app.FragmentListArraySupport
ADDED from AndroidManifest.xml:121:9
	android:label
		ADDED from AndroidManifest.xml:122:17
	android:name
		ADDED from AndroidManifest.xml:121:19
activity#com.example.android.supportv4.app.FragmentLayoutSupport$DetailsActivity
ADDED from AndroidManifest.xml:129:9
	android:name
		ADDED from AndroidManifest.xml:129:19
activity#com.example.android.supportv4.app.FragmentMenuSupport
ADDED from AndroidManifest.xml:131:9
	android:label
		ADDED from AndroidManifest.xml:132:17
	android:name
		ADDED from AndroidManifest.xml:131:19
activity#com.example.android.supportv4.app.FragmentNestingTabsSupport
ADDED from AndroidManifest.xml:139:9
	android:label
		ADDED from AndroidManifest.xml:140:17
	android:name
		ADDED from AndroidManifest.xml:139:19
activity#com.example.android.supportv4.app.FragmentRetainInstanceSupport
ADDED from AndroidManifest.xml:147:9
	android:label
		ADDED from AndroidManifest.xml:148:17
	android:name
		ADDED from AndroidManifest.xml:147:19
activity#com.example.android.supportv4.app.FragmentReceiveResultSupport
ADDED from AndroidManifest.xml:155:9
	android:label
		ADDED from AndroidManifest.xml:156:17
	android:name
		ADDED from AndroidManifest.xml:155:19
activity#com.example.android.supportv4.app.FragmentStackSupport
ADDED from AndroidManifest.xml:163:9
	android:label
		ADDED from AndroidManifest.xml:164:17
	android:name
		ADDED from AndroidManifest.xml:163:19
activity#com.example.android.supportv4.app.FragmentTabs
ADDED from AndroidManifest.xml:171:9
	android:label
		ADDED from AndroidManifest.xml:172:17
	android:name
		ADDED from AndroidManifest.xml:171:19
activity#com.example.android.supportv4.app.FragmentTabsPager
ADDED from AndroidManifest.xml:179:9
	android:label
		ADDED from AndroidManifest.xml:180:17
	android:name
		ADDED from AndroidManifest.xml:179:19
activity#com.example.android.supportv4.app.FragmentPagerSupport
ADDED from AndroidManifest.xml:187:9
	android:label
		ADDED from AndroidManifest.xml:188:17
	android:name
		ADDED from AndroidManifest.xml:187:19
activity#com.example.android.supportv4.app.FragmentStatePagerSupport
ADDED from AndroidManifest.xml:195:9
	android:label
		ADDED from AndroidManifest.xml:196:17
	android:name
		ADDED from AndroidManifest.xml:195:19
activity#com.example.android.supportv4.app.LoaderCursorSupport
ADDED from AndroidManifest.xml:203:9
	android:label
		ADDED from AndroidManifest.xml:204:17
	android:name
		ADDED from AndroidManifest.xml:203:19
activity#com.example.android.supportv4.app.LoaderRetainedSupport
ADDED from AndroidManifest.xml:211:9
	android:label
		ADDED from AndroidManifest.xml:212:17
	android:name
		ADDED from AndroidManifest.xml:211:19
activity#com.example.android.supportv4.app.LoaderCustomSupport
ADDED from AndroidManifest.xml:219:9
	android:label
		ADDED from AndroidManifest.xml:220:17
	android:name
		ADDED from AndroidManifest.xml:219:19
activity#com.example.android.supportv4.app.LoaderThrottleSupport
ADDED from AndroidManifest.xml:227:9
	android:label
		ADDED from AndroidManifest.xml:228:17
	android:name
		ADDED from AndroidManifest.xml:227:19
provider#com.example.android.supportv4.app.LoaderThrottleSupport$SimpleProvider
ADDED from AndroidManifest.xml:234:9
	android:authorities
		ADDED from AndroidManifest.xml:235:19
	android:name
		ADDED from AndroidManifest.xml:234:19
activity#com.example.android.supportv4.content.LocalServiceBroadcaster
ADDED from AndroidManifest.xml:237:9
	android:label
		ADDED from AndroidManifest.xml:238:17
	android:name
		ADDED from AndroidManifest.xml:237:19
service#com.example.android.supportv4.content.LocalServiceBroadcaster$LocalService
ADDED from AndroidManifest.xml:244:9
	android:stopWithTask
		ADDED from AndroidManifest.xml:245:17
	android:name
		ADDED from AndroidManifest.xml:244:18
activity#com.example.android.supportv4.content.SimpleWakefulController
ADDED from AndroidManifest.xml:247:9
	android:label
		ADDED from AndroidManifest.xml:248:19
	android:name
		ADDED from AndroidManifest.xml:247:19
receiver#com.example.android.supportv4.content.SimpleWakefulReceiver
ADDED from AndroidManifest.xml:255:9
	android:name
		ADDED from AndroidManifest.xml:255:19
service#com.example.android.supportv4.content.SimpleWakefulService
ADDED from AndroidManifest.xml:256:9
	android:name
		ADDED from AndroidManifest.xml:256:18
activity#com.example.android.supportv4.accessibility.AccessibilityManagerSupportActivity
ADDED from AndroidManifest.xml:258:9
	android:label
		ADDED from AndroidManifest.xml:259:17
	android:name
		ADDED from AndroidManifest.xml:258:19
activity#com.example.android.supportv4.accessibility.AccessibilityDelegateSupportActivity
ADDED from AndroidManifest.xml:266:9
	android:label
		ADDED from AndroidManifest.xml:267:17
	android:name
		ADDED from AndroidManifest.xml:266:19
activity#com.example.android.supportv4.app.SharingSupport
ADDED from AndroidManifest.xml:274:9
	android:label
		ADDED from AndroidManifest.xml:275:19
	android:name
		ADDED from AndroidManifest.xml:274:19
activity#com.example.android.supportv4.app.SharingReceiverSupport
ADDED from AndroidManifest.xml:282:9
	android:label
		ADDED from AndroidManifest.xml:283:19
	android:name
		ADDED from AndroidManifest.xml:282:19
intent-filter#android.intent.action.SEND+android.intent.action.SEND_MULTIPLE+android.intent.category.DEFAULT
ADDED from AndroidManifest.xml:284:13
action#android.intent.action.SEND
ADDED from AndroidManifest.xml:285:17
	android:name
		ADDED from AndroidManifest.xml:285:25
action#android.intent.action.SEND_MULTIPLE
ADDED from AndroidManifest.xml:286:17
	android:name
		ADDED from AndroidManifest.xml:286:25
data
ADDED from AndroidManifest.xml:287:17
	android:mimeType
		ADDED from AndroidManifest.xml:287:23
activity#com.example.android.supportv4.text.BidiFormatterSupport
ADDED from AndroidManifest.xml:292:9
	android:label
		ADDED from AndroidManifest.xml:293:19
	android:name
		ADDED from AndroidManifest.xml:292:19
activity#com.example.android.supportv4.widget.DrawerLayoutActivity
ADDED from AndroidManifest.xml:300:9
	android:label
		ADDED from AndroidManifest.xml:301:19
	android:name
		ADDED from AndroidManifest.xml:300:19
activity#com.example.android.supportv4.widget.SwipeRefreshLayoutActivity
ADDED from AndroidManifest.xml:308:9
	android:label
		ADDED from AndroidManifest.xml:309:19
	android:theme
		ADDED from AndroidManifest.xml:310:19
	android:name
		ADDED from AndroidManifest.xml:308:19
activity#com.example.android.supportv4.widget.ContentLoadingProgressBarActivity
ADDED from AndroidManifest.xml:317:9
	android:label
		ADDED from AndroidManifest.xml:318:19
	android:name
		ADDED from AndroidManifest.xml:317:19
activity#com.example.android.supportv4.widget.SlidingPaneLayoutActivity
ADDED from AndroidManifest.xml:325:9
	android:label
		ADDED from AndroidManifest.xml:326:19
	android:name
		ADDED from AndroidManifest.xml:325:19
activity#com.example.android.supportv4.widget.ExploreByTouchHelperActivity
ADDED from AndroidManifest.xml:333:9
	android:label
		ADDED from AndroidManifest.xml:334:19
	android:name
		ADDED from AndroidManifest.xml:333:19
provider#com.example.android.supportv4.content.SharingSupportProvider
ADDED from AndroidManifest.xml:341:9
	android:authorities
		ADDED from AndroidManifest.xml:341:19
	android:name
		ADDED from AndroidManifest.xml:342:19
activity#com.example.android.supportv4.content.FileProviderExample
ADDED from AndroidManifest.xml:346:9
	android:label
		ADDED from AndroidManifest.xml:347:17
	android:name
		ADDED from AndroidManifest.xml:346:19
activity#com.example.android.supportv4.widget.NestedScrollActivity
ADDED from AndroidManifest.xml:354:9
	android:label
		ADDED from AndroidManifest.xml:355:19
	android:name
		ADDED from AndroidManifest.xml:354:19
provider#android.support.v4.content.FileProvider
ADDED from AndroidManifest.xml:363:9
	android:grantUriPermissions
		ADDED from AndroidManifest.xml:366:13
	android:exported
		ADDED from AndroidManifest.xml:367:13
	android:authorities
		ADDED from AndroidManifest.xml:365:13
	android:name
		ADDED from AndroidManifest.xml:364:13
meta-data#android.support.FILE_PROVIDER_PATHS
ADDED from AndroidManifest.xml:368:13
	android:resource
		ADDED from AndroidManifest.xml:370:17
	android:name
		ADDED from AndroidManifest.xml:369:17
activity#com.example.android.supportv4.media.TransportControllerActivity
ADDED from AndroidManifest.xml:374:9
	android:label
		ADDED from AndroidManifest.xml:375:17
	android:name
		ADDED from AndroidManifest.xml:374:19